# JRE version: Java(TM) SE Runtime Environment (7.0_45-b18) (build 1.7.0_45-b18)
# Java VM: Java HotSpot(TM) Client VM (24.45-b08 mixed mode, sharing windows-x86 )
Heap
 def new generation   total 4928K, used 807K [0x23ca0000, 0x241f0000, 0x291f0000)
  eden space 4416K,  10% used [0x23ca0000, 0x23d15728, 0x240f0000)
  from space 512K,  65% used [0x240f0000, 0x24144568, 0x24170000)
  to   space 512K,   0% used [0x24170000, 0x24170000, 0x241f0000)
 tenured generation   total 10944K, used 6614K [0x291f0000, 0x29ca0000, 0x33ca0000)
   the space 10944K,  60% used [0x291f0000, 0x29865b10, 0x29865c00, 0x29ca0000)
 compacting perm gen  total 12288K, used 7235K [0x33ca0000, 0x348a0000, 0x37ca0000)
   the space 12288K,  58% used [0x33ca0000, 0x343b0f98, 0x343b1000, 0x348a0000)
    ro space 10240K,  44% used [0x37ca0000, 0x38117808, 0x38117a00, 0x386a0000)
    rw space 12288K,  52% used [0x386a0000, 0x38cee610, 0x38cee800, 0x392a0000)
GC Heap History (10 events):
Event: 19.580 GC heap before
{Heap before GC invocations=7 (full 0):
 def new generation   total 4928K, used 4928K [0x23ca0000, 0x241f0000, 0x291f0000)
  eden space 4416K, 100% used [0x23ca0000, 0x240f0000, 0x240f0000)
  from space 512K, 100% used [0x24170000, 0x241f0000, 0x241f0000)
  to   space 512K,   0% used [0x240f0000, 0x240f0000, 0x24170000)
 tenured generation   total 10944K, used 5424K [0x291f0000, 0x29ca0000, 0x33ca0000)
   the space 10944K,  49% used [0x291f0000, 0x2973c168, 0x2973c200, 0x29ca0000)
 compacting perm gen  total 12288K, used 6987K [0x33ca0000, 0x348a0000, 0x37ca0000)
   the space 12288K,  56% used [0x33ca0000, 0x34372f80, 0x34373000, 0x348a0000)
    ro space 10240K,  44% used [0x37ca0000, 0x38117808, 0x38117a00, 0x386a0000)
    rw space 12288K,  52% used [0x386a0000, 0x38cee610, 0x38cee800, 0x392a0000)
Event: 19.585 GC heap after
Heap after GC invocations=8 (full 0):
 def new generation   total 4928K, used 511K [0x23ca0000, 0x241f0000, 0x291f0000)
  eden space 4416K,   0% used [0x23ca0000, 0x23ca0000, 0x240f0000)
  from space 512K,  99% used [0x240f0000, 0x2416fff8, 0x24170000)
  to   space 512K,   0% used [0x24170000, 0x24170000, 0x241f0000)
 tenured generation   total 10944K, used 5851K [0x291f0000, 0x29ca0000, 0x33ca0000)
   the space 10944K,  53% used [0x291f0000, 0x297a6e98, 0x297a7000, 0x29ca0000)
 compacting perm gen  total 12288K, used 6987K [0x33ca0000, 0x348a0000, 0x37ca0000)
   the space 12288K,  56% used [0x33ca0000, 0x34372f80, 0x34373000, 0x348a0000)
    ro space 10240K,  44% used [0x37ca0000, 0x38117808, 0x38117a00, 0x386a0000)
    rw space 12288K,  52% used [0x386a0000, 0x38cee610, 0x38cee800, 0x392a0000)
}
Event: 19.639 GC heap before
{Heap before GC invocations=8 (full 0):
 def new generation   total 4928K, used 4927K [0x23ca0000, 0x241f0000, 0x291f0000)
  eden space 4416K, 100% used [0x23ca0000, 0x240f0000, 0x240f0000)
  from space 512K,  99% used [0x240f0000, 0x2416fff8, 0x24170000)
  to   space 512K,   0% used [0x24170000, 0x24170000, 0x241f0000)
 tenured generation   total 10944K, used 5851K [0x291f0000, 0x29ca0000, 0x33ca0000)
   the space 10944K,  53% used [0x291f0000, 0x297a6e98, 0x297a7000, 0x29ca0000)
 compacting perm gen  total 12288K, used 7070K [0x33ca0000, 0x348a0000, 0x37ca0000)
   the space 12288K,  57% used [0x33ca0000, 0x343878a8, 0x34387a00, 0x348a0000)
    ro space 10240K,  44% used [0x37ca0000, 0x38117808, 0x38117a00, 0x386a0000)
    rw space 12288K,  52% used [0x386a0000, 0x38cee610, 0x38cee800, 0x392a0000)
Event: 19.642 GC heap after
Heap after GC invocations=9 (full 0):
 def new generation   total 4928K, used 408K [0x23ca0000, 0x241f0000, 0x291f0000)
  eden space 4416K,   0% used [0x23ca0000, 0x23ca0000, 0x240f0000)
  from space 512K,  79% used [0x24170000, 0x241d6158, 0x241f0000)
  to   space 512K,   0% used [0x240f0000, 0x240f0000, 0x24170000)
 tenured generation   total 10944K, used 6220K [0x291f0000, 0x29ca0000, 0x33ca0000)
   the space 10944K,  56% used [0x291f0000, 0x29803390, 0x29803400, 0x29ca0000)
 compacting perm gen  total 12288K, used 7070K [0x33ca0000, 0x348a0000, 0x37ca0000)
   the space 12288K,  57% used [0x33ca0000, 0x343878a8, 0x34387a00, 0x348a0000)
    ro space 10240K,  44% used [0x37ca0000, 0x38117808, 0x38117a00, 0x386a0000)
    rw space 12288K,  52% used [0x386a0000, 0x38cee610, 0x38cee800, 0x392a0000)
}
Event: 100.707 GC heap before
{Heap before GC invocations=9 (full 0):
 def new generation   total 4928K, used 4824K [0x23ca0000, 0x241f0000, 0x291f0000)
  eden space 4416K, 100% used [0x23ca0000, 0x240f0000, 0x240f0000)
  from space 512K,  79% used [0x24170000, 0x241d6158, 0x241f0000)
  to   space 512K,   0% used [0x240f0000, 0x240f0000, 0x24170000)
 tenured generation   total 10944K, used 6220K [0x291f0000, 0x29ca0000, 0x33ca0000)
   the space 10944K,  56% used [0x291f0000, 0x29803390, 0x29803400, 0x29ca0000)
 compacting perm gen  total 12288K, used 7100K [0x33ca0000, 0x348a0000, 0x37ca0000)
   the space 12288K,  57% used [0x33ca0000, 0x3438f330, 0x3438f400, 0x348a0000)
    ro space 10240K,  44% used [0x37ca0000, 0x38117808, 0x38117a00, 0x386a0000)
    rw space 12288K,  52% used [0x386a0000, 0x38cee610, 0x38cee800, 0x392a0000)
Event: 100.710 GC heap after
Heap after GC invocations=10 (full 0):
 def new generation   total 4928K, used 182K [0x23ca0000, 0x241f0000, 0x291f0000)
  eden space 4416K,   0% used [0x23ca0000, 0x23ca0000, 0x240f0000)
  from space 512K,  35% used [0x240f0000, 0x2411d880, 0x24170000)
  to   space 512K,   0% used [0x24170000, 0x24170000, 0x241f0000)
 tenured generation   total 10944K, used 6545K [0x291f0000, 0x29ca0000, 0x33ca0000)
   the space 10944K,  59% used [0x291f0000, 0x298547c0, 0x29854800, 0x29ca0000)
 compacting perm gen  total 12288K, used 7100K [0x33ca0000, 0x348a0000, 0x37ca0000)
   the space 12288K,  57% used [0x33ca0000, 0x3438f330, 0x3438f400, 0x348a0000)
    ro space 10240K,  44% used [0x37ca0000, 0x38117808, 0x38117a00, 0x386a0000)
    rw space 12288K,  52% used [0x386a0000, 0x38cee610, 0x38cee800, 0x392a0000)
}
Event: 119.907 GC heap before
{Heap before GC invocations=10 (full 0):
 def new generation   total 4928K, used 4598K [0x23ca0000, 0x241f0000, 0x291f0000)
  eden space 4416K, 100% used [0x23ca0000, 0x240f0000, 0x240f0000)
  from space 512K,  35% used [0x240f0000, 0x2411d880, 0x24170000)
  to   space 512K,   0% used [0x24170000, 0x24170000, 0x241f0000)
 tenured generation   total 10944K, used 6545K [0x291f0000, 0x29ca0000, 0x33ca0000)
   the space 10944K,  59% used [0x291f0000, 0x298547c0, 0x29854800, 0x29ca0000)
 compacting perm gen  total 12288K, used 7204K [0x33ca0000, 0x348a0000, 0x37ca0000)
   the space 12288K,  58% used [0x33ca0000, 0x343a9008, 0x343a9200, 0x348a0000)
    ro space 10240K,  44% used [0x37ca0000, 0x38117808, 0x38117a00, 0x386a0000)
    rw space 12288K,  52% used [0x386a0000, 0x38cee610, 0x38cee800, 0x392a0000)
Event: 119.910 GC heap after
Heap after GC invocations=11 (full 0):
 def new generation   total 4928K, used 308K [0x23ca0000, 0x241f0000, 0x291f0000)
  eden space 4416K,   0% used [0x23ca0000, 0x23ca0000, 0x240f0000)
  from space 512K,  60% used [0x24170000, 0x241bd2f8, 0x241f0000)
  to   space 512K,   0% used [0x240f0000, 0x240f0000, 0x24170000)
 tenured generation   total 10944K, used 6545K [0x291f0000, 0x29ca0000, 0x33ca0000)
   the space 10944K,  59% used [0x291f0000, 0x298547c0, 0x29854800, 0x29ca0000)
 compacting perm gen  total 12288K, used 7204K [0x33ca0000, 0x348a0000, 0x37ca0000)
   the space 12288K,  58% used [0x33ca0000, 0x343a9008, 0x343a9200, 0x348a0000)
    ro space 10240K,  44% used [0x37ca0000, 0x38117808, 0x38117a00, 0x386a0000)
    rw space 12288K,  52% used [0x386a0000, 0x38cee610, 0x38cee800, 0x392a0000)
}
Event: 152.749 GC heap before
{Heap before GC invocations=11 (full 0):
 def new generation   total 4928K, used 4724K [0x23ca0000, 0x241f0000, 0x291f0000)
  eden space 4416K, 100% used [0x23ca0000, 0x240f0000, 0x240f0000)
  from space 512K,  60% used [0x24170000, 0x241bd2f8, 0x241f0000)
  to   space 512K,   0% used [0x240f0000, 0x240f0000, 0x24170000)
 tenured generation   total 10944K, used 6545K [0x291f0000, 0x29ca0000, 0x33ca0000)
   the space 10944K,  59% used [0x291f0000, 0x298547c0, 0x29854800, 0x29ca0000)
 compacting perm gen  total 12288K, used 7221K [0x33ca0000, 0x348a0000, 0x37ca0000)
   the space 12288K,  58% used [0x33ca0000, 0x343ad7b0, 0x343ad800, 0x348a0000)
    ro space 10240K,  44% used [0x37ca0000, 0x38117808, 0x38117a00, 0x386a0000)
    rw space 12288K,  52% used [0x386a0000, 0x38cee610, 0x38cee800, 0x392a0000)
Event: 152.751 GC heap after
Heap after GC invocations=12 (full 0):
 def new generation   total 4928K, used 337K [0x23ca0000, 0x241f0000, 0x291f0000)
  eden space 4416K,   0% used [0x23ca0000, 0x23ca0000, 0x240f0000)
  from space 512K,  65% used [0x240f0000, 0x24144568, 0x24170000)
  to   space 512K,   0% used [0x24170000, 0x24170000, 0x241f0000)
 tenured generation   total 10944K, used 6614K [0x291f0000, 0x29ca0000, 0x33ca0000)
   the space 10944K,  60% used [0x291f0000, 0x29865b10, 0x29865c00, 0x29ca0000)
 compacting perm gen  total 12288K, used 7221K [0x33ca0000, 0x348a0000, 0x37ca0000)
   the space 12288K,  58% used [0x33ca0000, 0x343ad7b0, 0x343ad800, 0x348a0000)
    ro space 10240K,  44% used [0x37ca0000, 0x38117808, 0x38117a00, 0x386a0000)
    rw space 12288K,  52% used [0x386a0000, 0x38cee610, 0x38cee800, 0x392a0000)
}

